mode: set
github.com/ronymmoura/goliath-national-bank/main.go:13.13,16.16 2 0
github.com/ronymmoura/goliath-national-bank/main.go:16.16,18.3 1 0
github.com/ronymmoura/goliath-national-bank/main.go:20.2,21.16 2 0
github.com/ronymmoura/goliath-national-bank/main.go:21.16,23.3 1 0
github.com/ronymmoura/goliath-national-bank/main.go:25.2,27.16 3 0
github.com/ronymmoura/goliath-national-bank/main.go:27.16,29.3 1 0
github.com/ronymmoura/goliath-national-bank/main.go:31.2,32.16 2 0
github.com/ronymmoura/goliath-national-bank/main.go:32.16,34.3 1 0
github.com/ronymmoura/goliath-national-bank/db/mock/store.go:28.55,32.2 3 0
github.com/ronymmoura/goliath-national-bank/db/mock/store.go:35.53,37.2 1 0
github.com/ronymmoura/goliath-national-bank/db/mock/store.go:40.114,46.2 5 0
github.com/ronymmoura/goliath-national-bank/db/mock/store.go:49.89,52.2 2 0
github.com/ronymmoura/goliath-national-bank/db/mock/store.go:55.106,61.2 5 0
github.com/ronymmoura/goliath-national-bank/db/mock/store.go:64.85,67.2 2 0
github.com/ronymmoura/goliath-national-bank/db/mock/store.go:70.100,76.2 5 0
github.com/ronymmoura/goliath-national-bank/db/mock/store.go:79.83,82.2 2 0
github.com/ronymmoura/goliath-national-bank/db/mock/store.go:85.109,91.2 5 0
github.com/ronymmoura/goliath-national-bank/db/mock/store.go:94.86,97.2 2 0
github.com/ronymmoura/goliath-national-bank/db/mock/store.go:100.97,106.2 5 0
github.com/ronymmoura/goliath-national-bank/db/mock/store.go:109.82,112.2 2 0
github.com/ronymmoura/goliath-national-bank/db/mock/store.go:115.75,120.2 4 0
github.com/ronymmoura/goliath-national-bank/db/mock/store.go:123.85,126.2 2 0
github.com/ronymmoura/goliath-national-bank/db/mock/store.go:129.76,134.2 4 0
github.com/ronymmoura/goliath-national-bank/db/mock/store.go:137.82,140.2 2 0
github.com/ronymmoura/goliath-national-bank/db/mock/store.go:143.86,149.2 5 0
github.com/ronymmoura/goliath-national-bank/db/mock/store.go:152.82,155.2 2 0
github.com/ronymmoura/goliath-national-bank/db/mock/store.go:158.95,164.2 5 0
github.com/ronymmoura/goliath-national-bank/db/mock/store.go:167.91,170.2 2 0
github.com/ronymmoura/goliath-national-bank/db/mock/store.go:173.82,179.2 5 0
github.com/ronymmoura/goliath-national-bank/db/mock/store.go:182.80,185.2 2 0
github.com/ronymmoura/goliath-national-bank/db/mock/store.go:188.88,194.2 5 0
github.com/ronymmoura/goliath-national-bank/db/mock/store.go:197.83,200.2 2 0
github.com/ronymmoura/goliath-national-bank/db/mock/store.go:203.84,209.2 5 0
github.com/ronymmoura/goliath-national-bank/db/mock/store.go:212.79,215.2 2 0
github.com/ronymmoura/goliath-national-bank/db/mock/store.go:218.88,224.2 5 0
github.com/ronymmoura/goliath-national-bank/db/mock/store.go:227.86,230.2 2 0
github.com/ronymmoura/goliath-national-bank/db/mock/store.go:233.93,239.2 5 0
github.com/ronymmoura/goliath-national-bank/db/mock/store.go:242.88,245.2 2 0
github.com/ronymmoura/goliath-national-bank/db/mock/store.go:248.106,254.2 5 0
github.com/ronymmoura/goliath-national-bank/db/mock/store.go:257.84,260.2 2 0
github.com/ronymmoura/goliath-national-bank/db/mock/store.go:263.102,269.2 5 0
github.com/ronymmoura/goliath-national-bank/db/mock/store.go:272.83,275.2 2 0
github.com/ronymmoura/goliath-national-bank/db/mock/store.go:278.109,284.2 5 0
github.com/ronymmoura/goliath-national-bank/db/mock/store.go:287.85,290.2 2 0
github.com/ronymmoura/goliath-national-bank/db/mock/store.go:293.109,299.2 5 0
github.com/ronymmoura/goliath-national-bank/db/mock/store.go:302.82,305.2 2 0
github.com/ronymmoura/goliath-national-bank/db/mock/store.go:308.106,314.2 5 0
github.com/ronymmoura/goliath-national-bank/db/mock/store.go:317.85,320.2 2 0
github.com/ronymmoura/goliath-national-bank/db/mock/store.go:323.97,329.2 5 0
github.com/ronymmoura/goliath-national-bank/db/mock/store.go:332.82,335.2 2 0
github.com/ronymmoura/goliath-national-bank/db/mock/store.go:338.113,344.2 5 0
github.com/ronymmoura/goliath-national-bank/db/mock/store.go:347.90,350.2 2 0
github.com/ronymmoura/goliath-national-bank/token/jwt_maker.go:21.51,22.39 1 1
github.com/ronymmoura/goliath-national-bank/token/jwt_maker.go:22.39,24.3 1 1
github.com/ronymmoura/goliath-national-bank/token/jwt_maker.go:26.2,26.34 1 1
github.com/ronymmoura/goliath-national-bank/token/jwt_maker.go:29.93,31.16 2 1
github.com/ronymmoura/goliath-national-bank/token/jwt_maker.go:31.16,33.3 1 1
github.com/ronymmoura/goliath-national-bank/token/jwt_maker.go:35.2,36.55 2 1
github.com/ronymmoura/goliath-national-bank/token/jwt_maker.go:39.68,40.57 1 1
github.com/ronymmoura/goliath-national-bank/token/jwt_maker.go:40.57,42.10 2 1
github.com/ronymmoura/goliath-national-bank/token/jwt_maker.go:42.10,44.4 1 1
github.com/ronymmoura/goliath-national-bank/token/jwt_maker.go:46.3,46.38 1 1
github.com/ronymmoura/goliath-national-bank/token/jwt_maker.go:49.2,50.16 2 1
github.com/ronymmoura/goliath-national-bank/token/jwt_maker.go:50.16,52.51 2 1
github.com/ronymmoura/goliath-national-bank/token/jwt_maker.go:52.51,54.4 1 1
github.com/ronymmoura/goliath-national-bank/token/jwt_maker.go:56.3,56.30 1 1
github.com/ronymmoura/goliath-national-bank/token/jwt_maker.go:59.2,59.29 1 1
github.com/ronymmoura/goliath-national-bank/token/jwt_maker.go:62.56,64.9 2 1
github.com/ronymmoura/goliath-national-bank/token/jwt_maker.go:64.9,66.3 1 1
github.com/ronymmoura/goliath-national-bank/token/jwt_maker.go:68.2,68.21 1 1
github.com/ronymmoura/goliath-national-bank/token/paseto_maker.go:21.57,22.51 1 1
github.com/ronymmoura/goliath-national-bank/token/paseto_maker.go:22.51,24.3 1 1
github.com/ronymmoura/goliath-national-bank/token/paseto_maker.go:26.2,31.19 2 1
github.com/ronymmoura/goliath-national-bank/token/paseto_maker.go:34.96,36.16 2 1
github.com/ronymmoura/goliath-national-bank/token/paseto_maker.go:36.16,38.3 1 1
github.com/ronymmoura/goliath-national-bank/token/paseto_maker.go:40.2,40.63 1 1
github.com/ronymmoura/goliath-national-bank/token/paseto_maker.go:43.71,47.16 3 1
github.com/ronymmoura/goliath-national-bank/token/paseto_maker.go:47.16,49.3 1 1
github.com/ronymmoura/goliath-national-bank/token/paseto_maker.go:51.2,52.16 2 1
github.com/ronymmoura/goliath-national-bank/token/paseto_maker.go:52.16,54.3 1 1
github.com/ronymmoura/goliath-national-bank/token/paseto_maker.go:56.2,56.21 1 1
github.com/ronymmoura/goliath-national-bank/token/payload.go:23.76,24.20 1 1
github.com/ronymmoura/goliath-national-bank/token/payload.go:24.20,26.3 1 1
github.com/ronymmoura/goliath-national-bank/token/payload.go:28.2,37.21 3 1
github.com/ronymmoura/goliath-national-bank/token/payload.go:40.39,41.41 1 1
github.com/ronymmoura/goliath-national-bank/token/payload.go:41.41,43.3 1 1
github.com/ronymmoura/goliath-national-bank/token/payload.go:45.2,45.12 1 1
github.com/ronymmoura/goliath-national-bank/util/currency.go:12.48,13.31 1 1
github.com/ronymmoura/goliath-national-bank/util/currency.go:13.31,14.20 1 1
github.com/ronymmoura/goliath-national-bank/util/currency.go:14.20,16.4 1 1
github.com/ronymmoura/goliath-national-bank/util/currency.go:19.2,19.14 1 1
github.com/ronymmoura/goliath-national-bank/util/password.go:9.52,12.16 3 1
github.com/ronymmoura/goliath-national-bank/util/password.go:12.16,14.3 1 1
github.com/ronymmoura/goliath-national-bank/util/password.go:15.2,15.36 1 1
github.com/ronymmoura/goliath-national-bank/util/password.go:18.66,20.2 1 1
github.com/ronymmoura/goliath-national-bank/util/random.go:12.13,14.2 1 1
github.com/ronymmoura/goliath-national-bank/util/random.go:16.38,18.2 1 1
github.com/ronymmoura/goliath-national-bank/util/random.go:20.36,24.28 3 1
github.com/ronymmoura/goliath-national-bank/util/random.go:24.28,27.3 2 1
github.com/ronymmoura/goliath-national-bank/util/random.go:29.2,29.20 1 1
github.com/ronymmoura/goliath-national-bank/util/random.go:32.27,34.2 1 1
github.com/ronymmoura/goliath-national-bank/util/random.go:36.26,38.2 1 1
github.com/ronymmoura/goliath-national-bank/util/random.go:40.30,44.2 2 1
github.com/ronymmoura/goliath-national-bank/util/random.go:46.27,48.2 1 1
github.com/ronymmoura/goliath-national-bank/util/util.go:18.57,26.16 6 1
github.com/ronymmoura/goliath-national-bank/util/util.go:26.16,28.3 1 1
github.com/ronymmoura/goliath-national-bank/util/util.go:30.2,32.8 2 1
github.com/ronymmoura/goliath-national-bank/api/account.go:18.55,21.49 2 1
github.com/ronymmoura/goliath-national-bank/api/account.go:21.49,24.3 2 1
github.com/ronymmoura/goliath-national-bank/api/account.go:26.2,33.16 3 1
github.com/ronymmoura/goliath-national-bank/api/account.go:33.16,34.45 1 1
github.com/ronymmoura/goliath-national-bank/api/account.go:34.45,35.22 1 1
github.com/ronymmoura/goliath-national-bank/api/account.go:36.26,38.11 2 1
github.com/ronymmoura/goliath-national-bank/api/account.go:42.3,43.9 2 1
github.com/ronymmoura/goliath-national-bank/api/account.go:46.2,46.39 1 1
github.com/ronymmoura/goliath-national-bank/api/account.go:54.54,57.50 2 1
github.com/ronymmoura/goliath-national-bank/api/account.go:57.50,60.3 2 1
github.com/ronymmoura/goliath-national-bank/api/account.go:62.2,68.16 3 1
github.com/ronymmoura/goliath-national-bank/api/account.go:68.16,71.3 2 1
github.com/ronymmoura/goliath-national-bank/api/account.go:73.2,73.35 1 1
github.com/ronymmoura/goliath-national-bank/api/account.go:80.52,83.48 2 1
github.com/ronymmoura/goliath-national-bank/api/account.go:83.48,86.3 2 1
github.com/ronymmoura/goliath-national-bank/api/account.go:88.2,89.16 2 1
github.com/ronymmoura/goliath-national-bank/api/account.go:89.16,90.27 1 1
github.com/ronymmoura/goliath-national-bank/api/account.go:90.27,93.4 2 1
github.com/ronymmoura/goliath-national-bank/api/account.go:95.3,96.9 2 1
github.com/ronymmoura/goliath-national-bank/api/account.go:99.2,99.34 1 1
github.com/ronymmoura/goliath-national-bank/api/server.go:21.80,23.16 2 1
github.com/ronymmoura/goliath-national-bank/api/server.go:23.16,25.3 1 0
github.com/ronymmoura/goliath-national-bank/api/server.go:27.2,34.67 3 1
github.com/ronymmoura/goliath-national-bank/api/server.go:34.67,36.3 1 1
github.com/ronymmoura/goliath-national-bank/api/server.go:38.2,48.8 8 1
github.com/ronymmoura/goliath-national-bank/api/server.go:51.51,53.2 1 0
github.com/ronymmoura/goliath-national-bank/api/server.go:55.37,57.2 1 1
github.com/ronymmoura/goliath-national-bank/api/transfer.go:19.56,22.49 2 1
github.com/ronymmoura/goliath-national-bank/api/transfer.go:22.49,25.3 2 1
github.com/ronymmoura/goliath-national-bank/api/transfer.go:27.2,27.64 1 1
github.com/ronymmoura/goliath-national-bank/api/transfer.go:27.64,29.3 1 1
github.com/ronymmoura/goliath-national-bank/api/transfer.go:31.2,31.62 1 1
github.com/ronymmoura/goliath-national-bank/api/transfer.go:31.62,33.3 1 1
github.com/ronymmoura/goliath-national-bank/api/transfer.go:35.2,42.16 3 1
github.com/ronymmoura/goliath-national-bank/api/transfer.go:42.16,45.3 2 1
github.com/ronymmoura/goliath-national-bank/api/transfer.go:47.2,47.38 1 1
github.com/ronymmoura/goliath-national-bank/api/transfer.go:50.93,52.16 2 1
github.com/ronymmoura/goliath-national-bank/api/transfer.go:52.16,53.27 1 1
github.com/ronymmoura/goliath-national-bank/api/transfer.go:53.27,56.4 2 1
github.com/ronymmoura/goliath-national-bank/api/transfer.go:58.3,59.15 2 1
github.com/ronymmoura/goliath-national-bank/api/transfer.go:62.2,62.34 1 1
github.com/ronymmoura/goliath-national-bank/api/transfer.go:62.34,66.3 3 1
github.com/ronymmoura/goliath-national-bank/api/transfer.go:68.2,68.13 1 1
github.com/ronymmoura/goliath-national-bank/api/user.go:29.52,32.49 2 1
github.com/ronymmoura/goliath-national-bank/api/user.go:32.49,35.3 2 1
github.com/ronymmoura/goliath-national-bank/api/user.go:37.2,38.16 2 1
github.com/ronymmoura/goliath-national-bank/api/user.go:38.16,41.3 2 1
github.com/ronymmoura/goliath-national-bank/api/user.go:43.2,51.16 3 1
github.com/ronymmoura/goliath-national-bank/api/user.go:51.16,53.45 1 1
github.com/ronymmoura/goliath-national-bank/api/user.go:53.45,54.22 1 1
github.com/ronymmoura/goliath-national-bank/api/user.go:55.17,57.11 2 1
github.com/ronymmoura/goliath-national-bank/api/user.go:61.3,62.9 2 1
github.com/ronymmoura/goliath-national-bank/api/user.go:65.2,73.40 2 1
github.com/ronymmoura/goliath-national-bank/api/user.go:88.49,91.48 2 1
github.com/ronymmoura/goliath-national-bank/api/user.go:91.48,94.3 2 1
github.com/ronymmoura/goliath-national-bank/api/user.go:96.2,99.16 3 1
github.com/ronymmoura/goliath-national-bank/api/user.go:99.16,100.27 1 1
github.com/ronymmoura/goliath-national-bank/api/user.go:100.27,103.4 2 1
github.com/ronymmoura/goliath-national-bank/api/user.go:105.3,106.9 2 1
github.com/ronymmoura/goliath-national-bank/api/user.go:109.2,117.35 2 1
github.com/ronymmoura/goliath-national-bank/api/validator.go:8.79,9.65 1 1
github.com/ronymmoura/goliath-national-bank/api/validator.go:9.65,11.3 1 1
github.com/ronymmoura/goliath-national-bank/api/validator.go:13.2,13.14 1 0
github.com/ronymmoura/goliath-national-bank/db/mock/store.go:28.55,32.2 3 1
github.com/ronymmoura/goliath-national-bank/db/mock/store.go:35.53,37.2 1 1
github.com/ronymmoura/goliath-national-bank/db/mock/store.go:40.114,46.2 5 0
github.com/ronymmoura/goliath-national-bank/db/mock/store.go:49.89,52.2 2 0
github.com/ronymmoura/goliath-national-bank/db/mock/store.go:55.106,61.2 5 1
github.com/ronymmoura/goliath-national-bank/db/mock/store.go:64.85,67.2 2 1
github.com/ronymmoura/goliath-national-bank/db/mock/store.go:70.100,76.2 5 0
github.com/ronymmoura/goliath-national-bank/db/mock/store.go:79.83,82.2 2 0
github.com/ronymmoura/goliath-national-bank/db/mock/store.go:85.109,91.2 5 0
github.com/ronymmoura/goliath-national-bank/db/mock/store.go:94.86,97.2 2 0
github.com/ronymmoura/goliath-national-bank/db/mock/store.go:100.97,106.2 5 1
github.com/ronymmoura/goliath-national-bank/db/mock/store.go:109.82,112.2 2 1
github.com/ronymmoura/goliath-national-bank/db/mock/store.go:115.75,120.2 4 0
github.com/ronymmoura/goliath-national-bank/db/mock/store.go:123.85,126.2 2 0
github.com/ronymmoura/goliath-national-bank/db/mock/store.go:129.76,134.2 4 0
github.com/ronymmoura/goliath-national-bank/db/mock/store.go:137.82,140.2 2 0
github.com/ronymmoura/goliath-national-bank/db/mock/store.go:143.86,149.2 5 1
github.com/ronymmoura/goliath-national-bank/db/mock/store.go:152.82,155.2 2 1
github.com/ronymmoura/goliath-national-bank/db/mock/store.go:158.95,164.2 5 0
github.com/ronymmoura/goliath-national-bank/db/mock/store.go:167.91,170.2 2 0
github.com/ronymmoura/goliath-national-bank/db/mock/store.go:173.82,179.2 5 0
github.com/ronymmoura/goliath-national-bank/db/mock/store.go:182.80,185.2 2 0
github.com/ronymmoura/goliath-national-bank/db/mock/store.go:188.88,194.2 5 0
github.com/ronymmoura/goliath-national-bank/db/mock/store.go:197.83,200.2 2 0
github.com/ronymmoura/goliath-national-bank/db/mock/store.go:203.84,209.2 5 1
github.com/ronymmoura/goliath-national-bank/db/mock/store.go:212.79,215.2 2 1
github.com/ronymmoura/goliath-national-bank/db/mock/store.go:218.88,224.2 5 0
github.com/ronymmoura/goliath-national-bank/db/mock/store.go:227.86,230.2 2 0
github.com/ronymmoura/goliath-national-bank/db/mock/store.go:233.93,239.2 5 0
github.com/ronymmoura/goliath-national-bank/db/mock/store.go:242.88,245.2 2 0
github.com/ronymmoura/goliath-national-bank/db/mock/store.go:248.106,254.2 5 1
github.com/ronymmoura/goliath-national-bank/db/mock/store.go:257.84,260.2 2 1
github.com/ronymmoura/goliath-national-bank/db/mock/store.go:263.102,269.2 5 0
github.com/ronymmoura/goliath-national-bank/db/mock/store.go:272.83,275.2 2 0
github.com/ronymmoura/goliath-national-bank/db/mock/store.go:278.109,284.2 5 0
github.com/ronymmoura/goliath-national-bank/db/mock/store.go:287.85,290.2 2 0
github.com/ronymmoura/goliath-national-bank/db/mock/store.go:293.109,299.2 5 1
github.com/ronymmoura/goliath-national-bank/db/mock/store.go:302.82,305.2 2 1
github.com/ronymmoura/goliath-national-bank/db/mock/store.go:308.106,314.2 5 0
github.com/ronymmoura/goliath-national-bank/db/mock/store.go:317.85,320.2 2 0
github.com/ronymmoura/goliath-national-bank/db/mock/store.go:323.97,329.2 5 0
github.com/ronymmoura/goliath-national-bank/db/mock/store.go:332.82,335.2 2 0
github.com/ronymmoura/goliath-national-bank/db/mock/store.go:338.113,344.2 5 0
github.com/ronymmoura/goliath-national-bank/db/mock/store.go:347.90,350.2 2 0
github.com/ronymmoura/goliath-national-bank/db/sqlc/account.sql.go:26.104,37.2 4 1
github.com/ronymmoura/goliath-national-bank/db/sqlc/account.sql.go:60.96,71.2 4 1
github.com/ronymmoura/goliath-national-bank/db/sqlc/account.sql.go:78.70,81.2 2 1
github.com/ronymmoura/goliath-national-bank/db/sqlc/account.sql.go:90.78,101.2 4 1
github.com/ronymmoura/goliath-national-bank/db/sqlc/account.sql.go:111.87,122.2 4 1
github.com/ronymmoura/goliath-national-bank/db/sqlc/account.sql.go:137.96,139.16 2 1
github.com/ronymmoura/goliath-national-bank/db/sqlc/account.sql.go:139.16,141.3 1 0
github.com/ronymmoura/goliath-national-bank/db/sqlc/account.sql.go:142.2,144.18 3 1
github.com/ronymmoura/goliath-national-bank/db/sqlc/account.sql.go:144.18,152.17 2 1
github.com/ronymmoura/goliath-national-bank/db/sqlc/account.sql.go:152.17,154.4 1 0
github.com/ronymmoura/goliath-national-bank/db/sqlc/account.sql.go:155.3,155.27 1 1
github.com/ronymmoura/goliath-national-bank/db/sqlc/account.sql.go:157.2,157.35 1 1
github.com/ronymmoura/goliath-national-bank/db/sqlc/account.sql.go:157.35,159.3 1 0
github.com/ronymmoura/goliath-national-bank/db/sqlc/account.sql.go:160.2,160.19 1 1
github.com/ronymmoura/goliath-national-bank/db/sqlc/account.sql.go:175.96,186.2 4 1
github.com/ronymmoura/goliath-national-bank/db/sqlc/db.go:20.28,22.2 1 1
github.com/ronymmoura/goliath-national-bank/db/sqlc/db.go:28.46,32.2 1 0
github.com/ronymmoura/goliath-national-bank/db/sqlc/entry.sql.go:31.90,41.2 4 1
github.com/ronymmoura/goliath-national-bank/db/sqlc/entry.sql.go:50.74,60.2 4 1
github.com/ronymmoura/goliath-national-bank/db/sqlc/entry.sql.go:77.92,79.16 2 1
github.com/ronymmoura/goliath-national-bank/db/sqlc/entry.sql.go:79.16,81.3 1 0
github.com/ronymmoura/goliath-national-bank/db/sqlc/entry.sql.go:82.2,84.18 3 1
github.com/ronymmoura/goliath-national-bank/db/sqlc/entry.sql.go:84.18,91.17 2 1
github.com/ronymmoura/goliath-national-bank/db/sqlc/entry.sql.go:91.17,93.4 1 0
github.com/ronymmoura/goliath-national-bank/db/sqlc/entry.sql.go:94.3,94.27 1 1
github.com/ronymmoura/goliath-national-bank/db/sqlc/entry.sql.go:96.2,96.35 1 1
github.com/ronymmoura/goliath-national-bank/db/sqlc/entry.sql.go:96.35,98.3 1 0
github.com/ronymmoura/goliath-national-bank/db/sqlc/entry.sql.go:99.2,99.19 1 1
github.com/ronymmoura/goliath-national-bank/db/sqlc/store.go:24.45,29.2 1 1
github.com/ronymmoura/goliath-national-bank/db/sqlc/store.go:32.83,34.16 2 1
github.com/ronymmoura/goliath-national-bank/db/sqlc/store.go:34.16,36.3 1 0
github.com/ronymmoura/goliath-national-bank/db/sqlc/store.go:38.2,41.16 3 1
github.com/ronymmoura/goliath-national-bank/db/sqlc/store.go:41.16,42.46 1 0
github.com/ronymmoura/goliath-national-bank/db/sqlc/store.go:42.46,44.4 1 0
github.com/ronymmoura/goliath-national-bank/db/sqlc/store.go:45.3,45.13 1 0
github.com/ronymmoura/goliath-national-bank/db/sqlc/store.go:48.2,48.23 1 1
github.com/ronymmoura/goliath-national-bank/db/sqlc/store.go:65.104,68.50 2 1
github.com/ronymmoura/goliath-national-bank/db/sqlc/store.go:68.50,76.17 3 1
github.com/ronymmoura/goliath-national-bank/db/sqlc/store.go:76.17,78.4 1 0
github.com/ronymmoura/goliath-national-bank/db/sqlc/store.go:80.3,84.17 2 1
github.com/ronymmoura/goliath-national-bank/db/sqlc/store.go:84.17,86.4 1 0
github.com/ronymmoura/goliath-national-bank/db/sqlc/store.go:88.3,92.17 2 1
github.com/ronymmoura/goliath-national-bank/db/sqlc/store.go:92.17,94.4 1 0
github.com/ronymmoura/goliath-national-bank/db/sqlc/store.go:97.3,97.42 1 1
github.com/ronymmoura/goliath-national-bank/db/sqlc/store.go:97.42,99.4 1 1
github.com/ronymmoura/goliath-national-bank/db/sqlc/store.go:99.9,101.4 1 1
github.com/ronymmoura/goliath-national-bank/db/sqlc/store.go:103.3,103.17 1 1
github.com/ronymmoura/goliath-national-bank/db/sqlc/store.go:103.17,105.4 1 0
github.com/ronymmoura/goliath-national-bank/db/sqlc/store.go:107.3,107.13 1 1
github.com/ronymmoura/goliath-national-bank/db/sqlc/store.go:110.2,110.20 1 1
github.com/ronymmoura/goliath-national-bank/db/sqlc/store.go:120.51,125.16 2 1
github.com/ronymmoura/goliath-national-bank/db/sqlc/store.go:125.16,127.3 1 0
github.com/ronymmoura/goliath-national-bank/db/sqlc/store.go:129.2,134.8 2 1
github.com/ronymmoura/goliath-national-bank/db/sqlc/transfer.sql.go:28.99,39.2 4 1
github.com/ronymmoura/goliath-national-bank/db/sqlc/transfer.sql.go:46.80,57.2 4 1
github.com/ronymmoura/goliath-national-bank/db/sqlc/transfer.sql.go:76.99,83.16 2 1
github.com/ronymmoura/goliath-national-bank/db/sqlc/transfer.sql.go:83.16,85.3 1 0
github.com/ronymmoura/goliath-national-bank/db/sqlc/transfer.sql.go:86.2,88.18 3 1
github.com/ronymmoura/goliath-national-bank/db/sqlc/transfer.sql.go:88.18,96.17 2 1
github.com/ronymmoura/goliath-national-bank/db/sqlc/transfer.sql.go:96.17,98.4 1 0
github.com/ronymmoura/goliath-national-bank/db/sqlc/transfer.sql.go:99.3,99.27 1 1
github.com/ronymmoura/goliath-national-bank/db/sqlc/transfer.sql.go:101.2,101.35 1 1
github.com/ronymmoura/goliath-national-bank/db/sqlc/transfer.sql.go:101.35,103.3 1 0
github.com/ronymmoura/goliath-national-bank/db/sqlc/transfer.sql.go:104.2,104.19 1 1
github.com/ronymmoura/goliath-national-bank/db/sqlc/user.sql.go:39.87,56.2 4 1
github.com/ronymmoura/goliath-national-bank/db/sqlc/user.sql.go:63.71,66.2 2 1
github.com/ronymmoura/goliath-national-bank/db/sqlc/user.sql.go:75.76,87.2 4 1
github.com/ronymmoura/goliath-national-bank/db/sqlc/user.sql.go:96.83,108.2 4 1
github.com/ronymmoura/goliath-national-bank/db/sqlc/user.sql.go:118.85,130.2 4 1
github.com/ronymmoura/goliath-national-bank/db/sqlc/user.sql.go:147.87,159.2 4 1
github.com/ronymmoura/goliath-national-bank/db/sqlc/user.sql.go:176.103,188.2 4 1
