mode: set
github.com/ronymmoura/goliath-national-bank/main.go:13.13,16.16 2 0
github.com/ronymmoura/goliath-national-bank/main.go:16.16,18.3 1 0
github.com/ronymmoura/goliath-national-bank/main.go:20.2,21.16 2 0
github.com/ronymmoura/goliath-national-bank/main.go:21.16,23.3 1 0
github.com/ronymmoura/goliath-national-bank/main.go:25.2,27.16 3 0
github.com/ronymmoura/goliath-national-bank/main.go:27.16,29.3 1 0
github.com/ronymmoura/goliath-national-bank/main.go:31.2,32.16 2 0
github.com/ronymmoura/goliath-national-bank/main.go:32.16,34.3 1 0
github.com/ronymmoura/goliath-national-bank/db/mock/store.go:28.55,32.2 3 0
github.com/ronymmoura/goliath-national-bank/db/mock/store.go:35.53,37.2 1 0
github.com/ronymmoura/goliath-national-bank/db/mock/store.go:40.114,46.2 5 0
github.com/ronymmoura/goliath-national-bank/db/mock/store.go:49.89,52.2 2 0
github.com/ronymmoura/goliath-national-bank/db/mock/store.go:55.106,61.2 5 0
github.com/ronymmoura/goliath-national-bank/db/mock/store.go:64.85,67.2 2 0
github.com/ronymmoura/goliath-national-bank/db/mock/store.go:70.100,76.2 5 0
github.com/ronymmoura/goliath-national-bank/db/mock/store.go:79.83,82.2 2 0
github.com/ronymmoura/goliath-national-bank/db/mock/store.go:85.109,91.2 5 0
github.com/ronymmoura/goliath-national-bank/db/mock/store.go:94.86,97.2 2 0
github.com/ronymmoura/goliath-national-bank/db/mock/store.go:100.97,106.2 5 0
github.com/ronymmoura/goliath-national-bank/db/mock/store.go:109.82,112.2 2 0
github.com/ronymmoura/goliath-national-bank/db/mock/store.go:115.75,120.2 4 0
github.com/ronymmoura/goliath-national-bank/db/mock/store.go:123.85,126.2 2 0
github.com/ronymmoura/goliath-national-bank/db/mock/store.go:129.76,134.2 4 0
github.com/ronymmoura/goliath-national-bank/db/mock/store.go:137.82,140.2 2 0
github.com/ronymmoura/goliath-national-bank/db/mock/store.go:143.86,149.2 5 0
github.com/ronymmoura/goliath-national-bank/db/mock/store.go:152.82,155.2 2 0
github.com/ronymmoura/goliath-national-bank/db/mock/store.go:158.95,164.2 5 0
github.com/ronymmoura/goliath-national-bank/db/mock/store.go:167.91,170.2 2 0
github.com/ronymmoura/goliath-national-bank/db/mock/store.go:173.82,179.2 5 0
github.com/ronymmoura/goliath-national-bank/db/mock/store.go:182.80,185.2 2 0
github.com/ronymmoura/goliath-national-bank/db/mock/store.go:188.88,194.2 5 0
github.com/ronymmoura/goliath-national-bank/db/mock/store.go:197.83,200.2 2 0
github.com/ronymmoura/goliath-national-bank/db/mock/store.go:203.84,209.2 5 0
github.com/ronymmoura/goliath-national-bank/db/mock/store.go:212.79,215.2 2 0
github.com/ronymmoura/goliath-national-bank/db/mock/store.go:218.88,224.2 5 0
github.com/ronymmoura/goliath-national-bank/db/mock/store.go:227.86,230.2 2 0
github.com/ronymmoura/goliath-national-bank/db/mock/store.go:233.93,239.2 5 0
github.com/ronymmoura/goliath-national-bank/db/mock/store.go:242.88,245.2 2 0
github.com/ronymmoura/goliath-national-bank/db/mock/store.go:248.106,254.2 5 0
github.com/ronymmoura/goliath-national-bank/db/mock/store.go:257.84,260.2 2 0
github.com/ronymmoura/goliath-national-bank/db/mock/store.go:263.102,269.2 5 0
github.com/ronymmoura/goliath-national-bank/db/mock/store.go:272.83,275.2 2 0
github.com/ronymmoura/goliath-national-bank/db/mock/store.go:278.109,284.2 5 0
github.com/ronymmoura/goliath-national-bank/db/mock/store.go:287.85,290.2 2 0
github.com/ronymmoura/goliath-national-bank/db/mock/store.go:293.109,299.2 5 0
github.com/ronymmoura/goliath-national-bank/db/mock/store.go:302.82,305.2 2 0
github.com/ronymmoura/goliath-national-bank/db/mock/store.go:308.106,314.2 5 0
github.com/ronymmoura/goliath-national-bank/db/mock/store.go:317.85,320.2 2 0
github.com/ronymmoura/goliath-national-bank/db/mock/store.go:323.97,329.2 5 0
github.com/ronymmoura/goliath-national-bank/db/mock/store.go:332.82,335.2 2 0
github.com/ronymmoura/goliath-national-bank/db/mock/store.go:338.113,344.2 5 0
github.com/ronymmoura/goliath-national-bank/db/mock/store.go:347.90,350.2 2 0
github.com/ronymmoura/goliath-national-bank/token/jwt_maker.go:22.51,23.39 1 1
github.com/ronymmoura/goliath-national-bank/token/jwt_maker.go:23.39,25.3 1 1
github.com/ronymmoura/goliath-national-bank/token/jwt_maker.go:27.2,27.34 1 1
github.com/ronymmoura/goliath-national-bank/token/jwt_maker.go:30.90,32.16 2 1
github.com/ronymmoura/goliath-national-bank/token/jwt_maker.go:32.16,34.3 1 1
github.com/ronymmoura/goliath-national-bank/token/jwt_maker.go:36.2,37.55 2 1
github.com/ronymmoura/goliath-national-bank/token/jwt_maker.go:40.68,41.57 1 1
github.com/ronymmoura/goliath-national-bank/token/jwt_maker.go:41.57,43.10 2 1
github.com/ronymmoura/goliath-national-bank/token/jwt_maker.go:43.10,45.4 1 1
github.com/ronymmoura/goliath-national-bank/token/jwt_maker.go:47.3,47.38 1 1
github.com/ronymmoura/goliath-national-bank/token/jwt_maker.go:50.2,51.16 2 1
github.com/ronymmoura/goliath-national-bank/token/jwt_maker.go:51.16,53.51 2 1
github.com/ronymmoura/goliath-national-bank/token/jwt_maker.go:53.51,55.4 1 1
github.com/ronymmoura/goliath-national-bank/token/jwt_maker.go:57.3,57.30 1 1
github.com/ronymmoura/goliath-national-bank/token/jwt_maker.go:60.2,60.29 1 1
github.com/ronymmoura/goliath-national-bank/token/jwt_maker.go:63.56,65.9 2 1
github.com/ronymmoura/goliath-national-bank/token/jwt_maker.go:65.9,67.3 1 1
github.com/ronymmoura/goliath-national-bank/token/jwt_maker.go:69.2,69.21 1 1
github.com/ronymmoura/goliath-national-bank/token/paseto_maker.go:22.57,23.51 1 1
github.com/ronymmoura/goliath-national-bank/token/paseto_maker.go:23.51,25.3 1 1
github.com/ronymmoura/goliath-national-bank/token/paseto_maker.go:27.2,32.19 2 1
github.com/ronymmoura/goliath-national-bank/token/paseto_maker.go:35.93,37.16 2 1
github.com/ronymmoura/goliath-national-bank/token/paseto_maker.go:37.16,39.3 1 1
github.com/ronymmoura/goliath-national-bank/token/paseto_maker.go:41.2,41.63 1 1
github.com/ronymmoura/goliath-national-bank/token/paseto_maker.go:44.71,48.16 3 1
github.com/ronymmoura/goliath-national-bank/token/paseto_maker.go:48.16,50.3 1 1
github.com/ronymmoura/goliath-national-bank/token/paseto_maker.go:52.2,53.16 2 1
github.com/ronymmoura/goliath-national-bank/token/paseto_maker.go:53.16,55.3 1 1
github.com/ronymmoura/goliath-national-bank/token/paseto_maker.go:57.2,57.21 1 1
github.com/ronymmoura/goliath-national-bank/token/payload.go:22.73,23.20 1 1
github.com/ronymmoura/goliath-national-bank/token/payload.go:23.20,25.3 1 1
github.com/ronymmoura/goliath-national-bank/token/payload.go:27.2,33.21 2 1
github.com/ronymmoura/goliath-national-bank/token/payload.go:36.39,37.41 1 1
github.com/ronymmoura/goliath-national-bank/token/payload.go:37.41,39.3 1 1
github.com/ronymmoura/goliath-national-bank/token/payload.go:41.2,41.12 1 1
github.com/ronymmoura/goliath-national-bank/util/currency.go:12.48,13.31 1 1
github.com/ronymmoura/goliath-national-bank/util/currency.go:13.31,14.20 1 1
github.com/ronymmoura/goliath-national-bank/util/currency.go:14.20,16.4 1 1
github.com/ronymmoura/goliath-national-bank/util/currency.go:19.2,19.14 1 1
github.com/ronymmoura/goliath-national-bank/util/password.go:9.52,12.16 3 1
github.com/ronymmoura/goliath-national-bank/util/password.go:12.16,14.3 1 1
github.com/ronymmoura/goliath-national-bank/util/password.go:15.2,15.36 1 1
github.com/ronymmoura/goliath-national-bank/util/password.go:18.66,20.2 1 1
github.com/ronymmoura/goliath-national-bank/util/random.go:12.13,14.2 1 1
github.com/ronymmoura/goliath-national-bank/util/random.go:16.38,18.2 1 1
github.com/ronymmoura/goliath-national-bank/util/random.go:20.36,24.28 3 1
github.com/ronymmoura/goliath-national-bank/util/random.go:24.28,27.3 2 1
github.com/ronymmoura/goliath-national-bank/util/random.go:29.2,29.20 1 1
github.com/ronymmoura/goliath-national-bank/util/random.go:32.27,34.2 1 1
github.com/ronymmoura/goliath-national-bank/util/random.go:36.26,38.2 1 1
github.com/ronymmoura/goliath-national-bank/util/random.go:40.30,44.2 2 1
github.com/ronymmoura/goliath-national-bank/util/random.go:46.27,48.2 1 1
github.com/ronymmoura/goliath-national-bank/util/util.go:18.57,26.16 6 1
github.com/ronymmoura/goliath-national-bank/util/util.go:26.16,28.3 1 1
github.com/ronymmoura/goliath-national-bank/util/util.go:30.2,32.8 2 1
github.com/ronymmoura/goliath-national-bank/db/sqlc/account.sql.go:26.104,37.2 4 1
github.com/ronymmoura/goliath-national-bank/db/sqlc/account.sql.go:60.96,71.2 4 1
github.com/ronymmoura/goliath-national-bank/db/sqlc/account.sql.go:78.70,81.2 2 1
github.com/ronymmoura/goliath-national-bank/db/sqlc/account.sql.go:90.78,101.2 4 1
github.com/ronymmoura/goliath-national-bank/db/sqlc/account.sql.go:111.87,122.2 4 1
github.com/ronymmoura/goliath-national-bank/db/sqlc/account.sql.go:139.96,141.16 2 1
github.com/ronymmoura/goliath-national-bank/db/sqlc/account.sql.go:141.16,143.3 1 0
github.com/ronymmoura/goliath-national-bank/db/sqlc/account.sql.go:144.2,146.18 3 1
github.com/ronymmoura/goliath-national-bank/db/sqlc/account.sql.go:146.18,154.17 2 1
github.com/ronymmoura/goliath-national-bank/db/sqlc/account.sql.go:154.17,156.4 1 0
github.com/ronymmoura/goliath-national-bank/db/sqlc/account.sql.go:157.3,157.27 1 1
github.com/ronymmoura/goliath-national-bank/db/sqlc/account.sql.go:159.2,159.35 1 1
github.com/ronymmoura/goliath-national-bank/db/sqlc/account.sql.go:159.35,161.3 1 0
github.com/ronymmoura/goliath-national-bank/db/sqlc/account.sql.go:162.2,162.19 1 1
github.com/ronymmoura/goliath-national-bank/db/sqlc/account.sql.go:177.96,188.2 4 1
github.com/ronymmoura/goliath-national-bank/db/sqlc/db.go:20.28,22.2 1 1
github.com/ronymmoura/goliath-national-bank/db/sqlc/db.go:28.46,32.2 1 0
github.com/ronymmoura/goliath-national-bank/db/sqlc/entry.sql.go:31.90,41.2 4 1
github.com/ronymmoura/goliath-national-bank/db/sqlc/entry.sql.go:50.74,60.2 4 1
github.com/ronymmoura/goliath-national-bank/db/sqlc/entry.sql.go:77.92,79.16 2 1
github.com/ronymmoura/goliath-national-bank/db/sqlc/entry.sql.go:79.16,81.3 1 0
github.com/ronymmoura/goliath-national-bank/db/sqlc/entry.sql.go:82.2,84.18 3 1
github.com/ronymmoura/goliath-national-bank/db/sqlc/entry.sql.go:84.18,91.17 2 1
github.com/ronymmoura/goliath-national-bank/db/sqlc/entry.sql.go:91.17,93.4 1 0
github.com/ronymmoura/goliath-national-bank/db/sqlc/entry.sql.go:94.3,94.27 1 1
github.com/ronymmoura/goliath-national-bank/db/sqlc/entry.sql.go:96.2,96.35 1 1
github.com/ronymmoura/goliath-national-bank/db/sqlc/entry.sql.go:96.35,98.3 1 0
github.com/ronymmoura/goliath-national-bank/db/sqlc/entry.sql.go:99.2,99.19 1 1
github.com/ronymmoura/goliath-national-bank/db/sqlc/store.go:24.45,29.2 1 1
github.com/ronymmoura/goliath-national-bank/db/sqlc/store.go:32.83,34.16 2 1
github.com/ronymmoura/goliath-national-bank/db/sqlc/store.go:34.16,36.3 1 0
github.com/ronymmoura/goliath-national-bank/db/sqlc/store.go:38.2,41.16 3 1
github.com/ronymmoura/goliath-national-bank/db/sqlc/store.go:41.16,42.46 1 0
github.com/ronymmoura/goliath-national-bank/db/sqlc/store.go:42.46,44.4 1 0
github.com/ronymmoura/goliath-national-bank/db/sqlc/store.go:45.3,45.13 1 0
github.com/ronymmoura/goliath-national-bank/db/sqlc/store.go:48.2,48.23 1 1
github.com/ronymmoura/goliath-national-bank/db/sqlc/store.go:65.104,68.50 2 1
github.com/ronymmoura/goliath-national-bank/db/sqlc/store.go:68.50,76.17 3 1
github.com/ronymmoura/goliath-national-bank/db/sqlc/store.go:76.17,78.4 1 0
github.com/ronymmoura/goliath-national-bank/db/sqlc/store.go:80.3,84.17 2 1
github.com/ronymmoura/goliath-national-bank/db/sqlc/store.go:84.17,86.4 1 0
github.com/ronymmoura/goliath-national-bank/db/sqlc/store.go:88.3,92.17 2 1
github.com/ronymmoura/goliath-national-bank/db/sqlc/store.go:92.17,94.4 1 0
github.com/ronymmoura/goliath-national-bank/db/sqlc/store.go:97.3,97.42 1 1
github.com/ronymmoura/goliath-national-bank/db/sqlc/store.go:97.42,99.4 1 1
github.com/ronymmoura/goliath-national-bank/db/sqlc/store.go:99.9,101.4 1 1
github.com/ronymmoura/goliath-national-bank/db/sqlc/store.go:103.3,103.17 1 1
github.com/ronymmoura/goliath-national-bank/db/sqlc/store.go:103.17,105.4 1 0
github.com/ronymmoura/goliath-national-bank/db/sqlc/store.go:107.3,107.13 1 1
github.com/ronymmoura/goliath-national-bank/db/sqlc/store.go:110.2,110.20 1 1
github.com/ronymmoura/goliath-national-bank/db/sqlc/store.go:120.51,125.16 2 1
github.com/ronymmoura/goliath-national-bank/db/sqlc/store.go:125.16,127.3 1 0
github.com/ronymmoura/goliath-national-bank/db/sqlc/store.go:129.2,134.8 2 1
github.com/ronymmoura/goliath-national-bank/db/sqlc/transfer.sql.go:28.99,39.2 4 1
github.com/ronymmoura/goliath-national-bank/db/sqlc/transfer.sql.go:46.80,57.2 4 1
github.com/ronymmoura/goliath-national-bank/db/sqlc/transfer.sql.go:76.99,83.16 2 1
github.com/ronymmoura/goliath-national-bank/db/sqlc/transfer.sql.go:83.16,85.3 1 0
github.com/ronymmoura/goliath-national-bank/db/sqlc/transfer.sql.go:86.2,88.18 3 1
github.com/ronymmoura/goliath-national-bank/db/sqlc/transfer.sql.go:88.18,96.17 2 1
github.com/ronymmoura/goliath-national-bank/db/sqlc/transfer.sql.go:96.17,98.4 1 0
github.com/ronymmoura/goliath-national-bank/db/sqlc/transfer.sql.go:99.3,99.27 1 1
github.com/ronymmoura/goliath-national-bank/db/sqlc/transfer.sql.go:101.2,101.35 1 1
github.com/ronymmoura/goliath-national-bank/db/sqlc/transfer.sql.go:101.35,103.3 1 0
github.com/ronymmoura/goliath-national-bank/db/sqlc/transfer.sql.go:104.2,104.19 1 1
github.com/ronymmoura/goliath-national-bank/db/sqlc/user.sql.go:39.87,56.2 4 1
github.com/ronymmoura/goliath-national-bank/db/sqlc/user.sql.go:63.71,66.2 2 1
github.com/ronymmoura/goliath-national-bank/db/sqlc/user.sql.go:75.76,87.2 4 1
github.com/ronymmoura/goliath-national-bank/db/sqlc/user.sql.go:96.83,108.2 4 1
github.com/ronymmoura/goliath-national-bank/db/sqlc/user.sql.go:118.85,130.2 4 1
github.com/ronymmoura/goliath-national-bank/db/sqlc/user.sql.go:147.87,159.2 4 1
github.com/ronymmoura/goliath-national-bank/db/sqlc/user.sql.go:176.103,188.2 4 1
github.com/ronymmoura/goliath-national-bank/api/account.go:19.55,22.49 2 1
github.com/ronymmoura/goliath-national-bank/api/account.go:22.49,25.3 2 1
github.com/ronymmoura/goliath-national-bank/api/account.go:27.2,37.16 5 1
github.com/ronymmoura/goliath-national-bank/api/account.go:37.16,38.45 1 1
github.com/ronymmoura/goliath-national-bank/api/account.go:38.45,39.22 1 1
github.com/ronymmoura/goliath-national-bank/api/account.go:40.26,42.11 2 1
github.com/ronymmoura/goliath-national-bank/api/account.go:46.3,47.9 2 1
github.com/ronymmoura/goliath-national-bank/api/account.go:50.2,50.39 1 1
github.com/ronymmoura/goliath-national-bank/api/account.go:58.54,61.50 2 1
github.com/ronymmoura/goliath-national-bank/api/account.go:61.50,64.3 2 1
github.com/ronymmoura/goliath-national-bank/api/account.go:66.2,75.16 4 1
github.com/ronymmoura/goliath-national-bank/api/account.go:75.16,78.3 2 1
github.com/ronymmoura/goliath-national-bank/api/account.go:80.2,80.35 1 1
github.com/ronymmoura/goliath-national-bank/api/account.go:87.52,90.48 2 1
github.com/ronymmoura/goliath-national-bank/api/account.go:90.48,93.3 2 1
github.com/ronymmoura/goliath-national-bank/api/account.go:95.2,96.16 2 1
github.com/ronymmoura/goliath-national-bank/api/account.go:96.16,97.27 1 1
github.com/ronymmoura/goliath-national-bank/api/account.go:97.27,100.4 2 1
github.com/ronymmoura/goliath-national-bank/api/account.go:102.3,103.9 2 1
github.com/ronymmoura/goliath-national-bank/api/account.go:106.2,107.38 2 1
github.com/ronymmoura/goliath-national-bank/api/account.go:107.38,111.3 3 0
github.com/ronymmoura/goliath-national-bank/api/account.go:113.2,113.34 1 1
github.com/ronymmoura/goliath-national-bank/api/middleware.go:19.61,20.32 1 1
github.com/ronymmoura/goliath-national-bank/api/middleware.go:20.32,22.36 2 1
github.com/ronymmoura/goliath-national-bank/api/middleware.go:22.36,26.4 3 1
github.com/ronymmoura/goliath-national-bank/api/middleware.go:28.3,29.22 2 1
github.com/ronymmoura/goliath-national-bank/api/middleware.go:29.22,33.4 3 1
github.com/ronymmoura/goliath-national-bank/api/middleware.go:35.3,36.51 2 1
github.com/ronymmoura/goliath-national-bank/api/middleware.go:36.51,40.4 3 1
github.com/ronymmoura/goliath-national-bank/api/middleware.go:42.3,44.17 3 1
github.com/ronymmoura/goliath-national-bank/api/middleware.go:44.17,47.4 2 1
github.com/ronymmoura/goliath-national-bank/api/middleware.go:49.3,50.13 2 1
github.com/ronymmoura/goliath-national-bank/api/server.go:21.80,23.16 2 1
github.com/ronymmoura/goliath-national-bank/api/server.go:23.16,25.3 1 0
github.com/ronymmoura/goliath-national-bank/api/server.go:27.2,33.67 2 1
github.com/ronymmoura/goliath-national-bank/api/server.go:33.67,35.3 1 1
github.com/ronymmoura/goliath-national-bank/api/server.go:37.2,39.8 2 1
github.com/ronymmoura/goliath-national-bank/api/server.go:42.37,60.2 10 1
github.com/ronymmoura/goliath-national-bank/api/server.go:62.51,64.2 1 0
github.com/ronymmoura/goliath-national-bank/api/server.go:66.37,68.2 1 1
github.com/ronymmoura/goliath-national-bank/api/transfer.go:21.56,24.49 2 1
github.com/ronymmoura/goliath-national-bank/api/transfer.go:24.49,27.3 2 1
github.com/ronymmoura/goliath-national-bank/api/transfer.go:29.2,30.12 2 1
github.com/ronymmoura/goliath-national-bank/api/transfer.go:30.12,32.3 1 1
github.com/ronymmoura/goliath-national-bank/api/transfer.go:34.2,35.42 2 1
github.com/ronymmoura/goliath-national-bank/api/transfer.go:35.42,39.3 3 1
github.com/ronymmoura/goliath-national-bank/api/transfer.go:41.2,42.12 2 1
github.com/ronymmoura/goliath-national-bank/api/transfer.go:42.12,44.3 1 1
github.com/ronymmoura/goliath-national-bank/api/transfer.go:46.2,53.16 3 1
github.com/ronymmoura/goliath-national-bank/api/transfer.go:53.16,56.3 2 1
github.com/ronymmoura/goliath-national-bank/api/transfer.go:58.2,58.38 1 1
github.com/ronymmoura/goliath-national-bank/api/transfer.go:61.107,63.16 2 1
github.com/ronymmoura/goliath-national-bank/api/transfer.go:63.16,64.27 1 1
github.com/ronymmoura/goliath-national-bank/api/transfer.go:64.27,67.4 2 1
github.com/ronymmoura/goliath-national-bank/api/transfer.go:69.3,70.24 2 1
github.com/ronymmoura/goliath-national-bank/api/transfer.go:73.2,73.34 1 1
github.com/ronymmoura/goliath-national-bank/api/transfer.go:73.34,77.3 3 1
github.com/ronymmoura/goliath-national-bank/api/transfer.go:79.2,79.22 1 1
github.com/ronymmoura/goliath-national-bank/api/user.go:30.49,38.2 1 1
github.com/ronymmoura/goliath-national-bank/api/user.go:40.52,43.49 2 1
github.com/ronymmoura/goliath-national-bank/api/user.go:43.49,46.3 2 1
github.com/ronymmoura/goliath-national-bank/api/user.go:48.2,49.16 2 1
github.com/ronymmoura/goliath-national-bank/api/user.go:49.16,52.3 2 1
github.com/ronymmoura/goliath-national-bank/api/user.go:54.2,62.16 3 1
github.com/ronymmoura/goliath-national-bank/api/user.go:62.16,64.45 1 1
github.com/ronymmoura/goliath-national-bank/api/user.go:64.45,65.22 1 1
github.com/ronymmoura/goliath-national-bank/api/user.go:66.17,68.11 2 1
github.com/ronymmoura/goliath-national-bank/api/user.go:72.3,73.9 2 1
github.com/ronymmoura/goliath-national-bank/api/user.go:76.2,78.40 2 1
github.com/ronymmoura/goliath-national-bank/api/user.go:93.49,96.48 2 1
github.com/ronymmoura/goliath-national-bank/api/user.go:96.48,99.3 2 1
github.com/ronymmoura/goliath-national-bank/api/user.go:101.2,104.16 3 1
github.com/ronymmoura/goliath-national-bank/api/user.go:104.16,105.27 1 1
github.com/ronymmoura/goliath-national-bank/api/user.go:105.27,108.4 2 1
github.com/ronymmoura/goliath-national-bank/api/user.go:110.3,111.9 2 1
github.com/ronymmoura/goliath-national-bank/api/user.go:114.2,122.35 2 1
github.com/ronymmoura/goliath-national-bank/api/user.go:135.51,137.49 2 0
github.com/ronymmoura/goliath-national-bank/api/user.go:137.49,140.3 2 0
github.com/ronymmoura/goliath-national-bank/api/user.go:142.2,143.16 2 0
github.com/ronymmoura/goliath-national-bank/api/user.go:143.16,144.27 1 0
github.com/ronymmoura/goliath-national-bank/api/user.go:144.27,147.4 2 0
github.com/ronymmoura/goliath-national-bank/api/user.go:149.3,150.9 2 0
github.com/ronymmoura/goliath-national-bank/api/user.go:153.2,154.16 2 0
github.com/ronymmoura/goliath-national-bank/api/user.go:154.16,157.3 2 0
github.com/ronymmoura/goliath-national-bank/api/user.go:159.2,160.16 2 0
github.com/ronymmoura/goliath-national-bank/api/user.go:160.16,163.3 2 0
github.com/ronymmoura/goliath-national-bank/api/user.go:165.2,170.35 2 0
github.com/ronymmoura/goliath-national-bank/api/validator.go:8.79,9.65 1 1
github.com/ronymmoura/goliath-national-bank/api/validator.go:9.65,11.3 1 1
github.com/ronymmoura/goliath-national-bank/api/validator.go:13.2,13.14 1 0
github.com/ronymmoura/goliath-national-bank/db/mock/store.go:28.55,32.2 3 1
github.com/ronymmoura/goliath-national-bank/db/mock/store.go:35.53,37.2 1 1
github.com/ronymmoura/goliath-national-bank/db/mock/store.go:40.114,46.2 5 0
github.com/ronymmoura/goliath-national-bank/db/mock/store.go:49.89,52.2 2 0
github.com/ronymmoura/goliath-national-bank/db/mock/store.go:55.106,61.2 5 1
github.com/ronymmoura/goliath-national-bank/db/mock/store.go:64.85,67.2 2 1
github.com/ronymmoura/goliath-national-bank/db/mock/store.go:70.100,76.2 5 0
github.com/ronymmoura/goliath-national-bank/db/mock/store.go:79.83,82.2 2 0
github.com/ronymmoura/goliath-national-bank/db/mock/store.go:85.109,91.2 5 0
github.com/ronymmoura/goliath-national-bank/db/mock/store.go:94.86,97.2 2 0
github.com/ronymmoura/goliath-national-bank/db/mock/store.go:100.97,106.2 5 1
github.com/ronymmoura/goliath-national-bank/db/mock/store.go:109.82,112.2 2 1
github.com/ronymmoura/goliath-national-bank/db/mock/store.go:115.75,120.2 4 0
github.com/ronymmoura/goliath-national-bank/db/mock/store.go:123.85,126.2 2 0
github.com/ronymmoura/goliath-national-bank/db/mock/store.go:129.76,134.2 4 0
github.com/ronymmoura/goliath-national-bank/db/mock/store.go:137.82,140.2 2 0
github.com/ronymmoura/goliath-national-bank/db/mock/store.go:143.86,149.2 5 1
github.com/ronymmoura/goliath-national-bank/db/mock/store.go:152.82,155.2 2 1
github.com/ronymmoura/goliath-national-bank/db/mock/store.go:158.95,164.2 5 0
github.com/ronymmoura/goliath-national-bank/db/mock/store.go:167.91,170.2 2 0
github.com/ronymmoura/goliath-national-bank/db/mock/store.go:173.82,179.2 5 0
github.com/ronymmoura/goliath-national-bank/db/mock/store.go:182.80,185.2 2 0
github.com/ronymmoura/goliath-national-bank/db/mock/store.go:188.88,194.2 5 0
github.com/ronymmoura/goliath-national-bank/db/mock/store.go:197.83,200.2 2 0
github.com/ronymmoura/goliath-national-bank/db/mock/store.go:203.84,209.2 5 1
github.com/ronymmoura/goliath-national-bank/db/mock/store.go:212.79,215.2 2 1
github.com/ronymmoura/goliath-national-bank/db/mock/store.go:218.88,224.2 5 0
github.com/ronymmoura/goliath-national-bank/db/mock/store.go:227.86,230.2 2 0
github.com/ronymmoura/goliath-national-bank/db/mock/store.go:233.93,239.2 5 0
github.com/ronymmoura/goliath-national-bank/db/mock/store.go:242.88,245.2 2 0
github.com/ronymmoura/goliath-national-bank/db/mock/store.go:248.106,254.2 5 1
github.com/ronymmoura/goliath-national-bank/db/mock/store.go:257.84,260.2 2 1
github.com/ronymmoura/goliath-national-bank/db/mock/store.go:263.102,269.2 5 0
github.com/ronymmoura/goliath-national-bank/db/mock/store.go:272.83,275.2 2 0
github.com/ronymmoura/goliath-national-bank/db/mock/store.go:278.109,284.2 5 0
github.com/ronymmoura/goliath-national-bank/db/mock/store.go:287.85,290.2 2 0
github.com/ronymmoura/goliath-national-bank/db/mock/store.go:293.109,299.2 5 1
github.com/ronymmoura/goliath-national-bank/db/mock/store.go:302.82,305.2 2 1
github.com/ronymmoura/goliath-national-bank/db/mock/store.go:308.106,314.2 5 0
github.com/ronymmoura/goliath-national-bank/db/mock/store.go:317.85,320.2 2 0
github.com/ronymmoura/goliath-national-bank/db/mock/store.go:323.97,329.2 5 0
github.com/ronymmoura/goliath-national-bank/db/mock/store.go:332.82,335.2 2 0
github.com/ronymmoura/goliath-national-bank/db/mock/store.go:338.113,344.2 5 0
github.com/ronymmoura/goliath-national-bank/db/mock/store.go:347.90,350.2 2 0
